#! /usr/bin/vvp
:ivl_version "0.9.5 " "(v0_9_5)";
:vpi_time_precision + 0;
:vpi_module "system";
:vpi_module "v2005_math";
:vpi_module "va_math";
S_0x9b26510 .scope module, "testbench" "testbench" 2 3;
 .timescale 0 0;
P_0x9b11b1c .param/l "ADDR_BITS" 2 5, +C4<010000>;
v0x9b607a0_0 .var "buffer_count", 15 0;
v0x9b609c8_0 .net "buffer_size", 31 0, v0x9b5fb10_0; 1 drivers
v0x9b60a18_0 .var "clk", 0 0;
v0x9b60a68_0 .net "cmd_last", 0 0, v0x9b5fbd0_0; 1 drivers
v0x9b60ab8_0 .var "int_count", 15 0;
v0x9b60b08_0 .net "next_addr", 27 0, v0x9b5fd68_0; 1 drivers
v0x9b60b98_0 .var "paddr", 15 0;
v0x9b60c08_0 .var "pclken", 0 0;
v0x9b60c58_0 .var "penable", 0 0;
v0x9b60cc8_0 .net "prdata", 31 0, v0x9b5ff20_0; 1 drivers
v0x9b60d38_0 .net "pready", 0 0, v0x9b60008_0; 1 drivers
v0x9b60da8_0 .var "psel", 0 0;
v0x9b60e18_0 .net "pslverr", 0 0, v0x9b600f8_0; 1 drivers
v0x9b60e88_0 .var "pwdata", 31 0;
v0x9b60ef8_0 .var "pwrite", 0 0;
v0x9b60f68_0 .net "rd_start_addr", 31 0, v0x9b60570_0; 1 drivers
v0x9b61020_0 .var "reset", 0 0;
v0x9b61090_0 .net "set_int", 0 0, v0x9b604b0_0; 1 drivers
v0x9b61130_0 .net "wr_ch_start", 0 0, L_0x9b622b0; 1 drivers
v0x9b61180_0 .net "wr_start_addr", 31 0, v0x9b60740_0; 1 drivers
S_0x9b12fb8 .scope module, "interface_test" "DMA_regfile" 2 81, 3 1, S_0x9b26510;
 .timescale 0 0;
P_0x9b13e64 .param/l "ADDR_BITS" 3 22, +C4<010000>;
P_0x9b13e78 .param/l "CONFIG0" 3 72, C4<0000>;
P_0x9b13e8c .param/l "CONFIG1" 3 73, C4<0100>;
P_0x9b13ea0 .param/l "CONFIG2" 3 74, C4<1000>;
P_0x9b13eb4 .param/l "CONFIG3" 3 75, C4<1100>;
P_0x9b13ec8 .param/l "START" 3 76, C4<00100000>;
P_0x9b13edc .param/l "STATUS" 3 77, C4<00110000>;
L_0x9b5f4c0 .functor NOT 1, v0x9b60c58_0, C4<0>, C4<0>, C4<0>;
L_0x9b61260 .functor AND 1, v0x9b60da8_0, L_0x9b5f4c0, C4<1>, C4<1>;
L_0x9b61308 .functor AND 1, L_0x9b61260, v0x9b60ef8_0, C4<1>, C4<1>;
L_0x9b613b0 .functor NOT 1, v0x9b60c58_0, C4<0>, C4<0>, C4<0>;
L_0x9b613e8 .functor AND 1, v0x9b60da8_0, L_0x9b613b0, C4<1>, C4<1>;
L_0x9b61458 .functor NOT 1, v0x9b60ef8_0, C4<0>, C4<0>, C4<0>;
L_0x9b61490 .functor AND 1, L_0x9b613e8, L_0x9b61458, C4<1>, C4<1>;
L_0x9b61700 .functor AND 1, L_0x9b61308, L_0x9b61640, C4<1>, C4<1>;
L_0x9b61968 .functor AND 1, L_0x9b61308, L_0x9b618a8, C4<1>, C4<1>;
L_0x9b61bd8 .functor AND 1, L_0x9b61308, L_0x9b61af8, C4<1>, C4<1>;
L_0x9b61e58 .functor AND 1, L_0x9b61308, L_0x9b61d70, C4<1>, C4<1>;
L_0x9b620c0 .functor AND 1, L_0x9b61308, L_0x9b61fd0, C4<1>, C4<1>;
L_0x9b622b0 .functor AND 1, L_0x9b62168, L_0x9b621f0, C4<1>, C4<1>;
v0x9b36968_0 .net *"_s0", 0 0, L_0x9b5f4c0; 1 drivers
v0x9b5f030_0 .net *"_s10", 0 0, L_0x9b61458; 1 drivers
v0x9b5f090_0 .net *"_s14", 16 0, L_0x9b61558; 1 drivers
v0x9b5f0f0_0 .net *"_s17", 0 0, C4<0>; 1 drivers
v0x9b5f158_0 .net *"_s18", 16 0, C4<00000000000000000>; 1 drivers
v0x9b5f1b8_0 .net *"_s2", 0 0, L_0x9b61260; 1 drivers
v0x9b5f238_0 .net *"_s20", 0 0, L_0x9b61640; 1 drivers
v0x9b5f298_0 .net *"_s24", 16 0, L_0x9b617d0; 1 drivers
v0x9b5f320_0 .net *"_s27", 0 0, C4<0>; 1 drivers
v0x9b5f380_0 .net *"_s28", 16 0, C4<00000000000000100>; 1 drivers
v0x9b5f410_0 .net *"_s30", 0 0, L_0x9b618a8; 1 drivers
v0x9b5f470_0 .net *"_s34", 16 0, L_0x9b619d8; 1 drivers
v0x9b5f508_0 .net *"_s37", 0 0, C4<0>; 1 drivers
v0x9b5f568_0 .net *"_s38", 16 0, C4<00000000000001000>; 1 drivers
v0x9b5f608_0 .net *"_s40", 0 0, L_0x9b61af8; 1 drivers
v0x9b5f668_0 .net *"_s44", 16 0, L_0x9b61c78; 1 drivers
v0x9b5f710_0 .net *"_s47", 0 0, C4<0>; 1 drivers
v0x9b5f770_0 .net *"_s48", 16 0, C4<00000000000001100>; 1 drivers
v0x9b5f810_0 .net *"_s50", 0 0, L_0x9b61d70; 1 drivers
v0x9b5f860_0 .net *"_s54", 16 0, L_0x9b61ec8; 1 drivers
v0x9b5f7c0_0 .net *"_s57", 0 0, C4<0>; 1 drivers
v0x9b5f908_0 .net *"_s58", 16 0, C4<00000000000100000>; 1 drivers
v0x9b5f9b8_0 .net *"_s6", 0 0, L_0x9b613b0; 1 drivers
v0x9b5fa08_0 .net *"_s60", 0 0, L_0x9b61fd0; 1 drivers
v0x9b5f958_0 .net *"_s64", 0 0, L_0x9b62168; 1 drivers
v0x9b5fac0_0 .net *"_s67", 0 0, L_0x9b621f0; 1 drivers
v0x9b5fa58_0 .net *"_s8", 0 0, L_0x9b613e8; 1 drivers
v0x9b5fb80_0 .net "buffer_count", 15 0, v0x9b607a0_0; 1 drivers
v0x9b5fb10_0 .var "buffer_size", 31 0;
v0x9b5fc48_0 .net "clk", 0 0, v0x9b60a18_0; 1 drivers
v0x9b5fbd0_0 .var "cmd_last", 0 0;
v0x9b5fd18_0 .net "gpread", 0 0, L_0x9b61490; 1 drivers
v0x9b5fc98_0 .net "gpwrite", 0 0, L_0x9b61308; 1 drivers
v0x9b5fdf0_0 .net "int_count", 15 0, v0x9b60ab8_0; 1 drivers
v0x9b5fd68_0 .var "next_addr", 27 0;
v0x9b5fed0_0 .net "paddr", 15 0, v0x9b60b98_0; 1 drivers
v0x9b5fe40_0 .net "pclken", 0 0, v0x9b60c08_0; 1 drivers
v0x9b5ffb8_0 .net "penable", 0 0, v0x9b60c58_0; 1 drivers
v0x9b5ff20_0 .var "prdata", 31 0;
v0x9b600a8_0 .var "prdata_pre", 31 0;
v0x9b60008_0 .var "pready", 0 0;
v0x9b601a0_0 .net "psel", 0 0, v0x9b60da8_0; 1 drivers
v0x9b600f8_0 .var "pslverr", 0 0;
v0x9b602a0_0 .var "pslverr_pre", 0 0;
v0x9b601f0_0 .net "pwdata", 31 0, v0x9b60e88_0; 1 drivers
v0x9b60240_0 .net "pwrite", 0 0, v0x9b60ef8_0; 1 drivers
v0x9b603b0_0 .var "rd_reg0", 31 0;
v0x9b60400_0 .var "rd_reg1", 31 0;
v0x9b602f0_0 .var "rd_reg2", 31 0;
v0x9b60350_0 .var "rd_reg3", 31 0;
v0x9b60520_0 .var "rd_reg5", 31 0;
v0x9b60570_0 .var "rd_start_addr", 31 0;
v0x9b60450_0 .net "reset", 0 0, v0x9b61020_0; 1 drivers
v0x9b604b0_0 .var "set_int", 0 0;
v0x9b606a0_0 .alias "wr_ch_start", 0 0, v0x9b61130_0;
v0x9b606f0_0 .net "wr_reg0", 0 0, L_0x9b61700; 1 drivers
v0x9b605c0_0 .net "wr_reg1", 0 0, L_0x9b61968; 1 drivers
v0x9b60620_0 .net "wr_reg2", 0 0, L_0x9b61bd8; 1 drivers
v0x9b60830_0 .net "wr_reg3", 0 0, L_0x9b61e58; 1 drivers
v0x9b60880_0 .net "wr_reg4", 0 0, L_0x9b620c0; 1 drivers
v0x9b60740_0 .var "wr_start_addr", 31 0;
E_0x9b3df28 .event posedge, v0x9b60450_0, v0x9b5fc48_0;
E_0x9b3d260 .event edge, v0x9b601a0_0, v0x9b5fc98_0, v0x9b5fd18_0, v0x9b5fed0_0;
E_0x9b3e058/0 .event edge, v0x9b5fed0_0, v0x9b603b0_0, v0x9b60400_0, v0x9b602f0_0;
E_0x9b3e058/1 .event edge, v0x9b60350_0, v0x9b60520_0;
E_0x9b3e058 .event/or E_0x9b3e058/0, E_0x9b3e058/1;
E_0x9b3e150/0 .event edge, v0x9b60570_0, v0x9b60740_0, v0x9b5fb10_0, v0x9b604b0_0;
E_0x9b3e150/1 .event edge, v0x9b5fbd0_0, v0x9b5fd68_0, v0x9b5fb80_0, v0x9b5fdf0_0;
E_0x9b3e150 .event/or E_0x9b3e150/0, E_0x9b3e150/1;
L_0x9b61558 .concat [ 16 1 0 0], v0x9b60b98_0, C4<0>;
L_0x9b61640 .cmp/eq 17, L_0x9b61558, C4<00000000000000000>;
L_0x9b617d0 .concat [ 16 1 0 0], v0x9b60b98_0, C4<0>;
L_0x9b618a8 .cmp/eq 17, L_0x9b617d0, C4<00000000000000100>;
L_0x9b619d8 .concat [ 16 1 0 0], v0x9b60b98_0, C4<0>;
L_0x9b61af8 .cmp/eq 17, L_0x9b619d8, C4<00000000000001000>;
L_0x9b61c78 .concat [ 16 1 0 0], v0x9b60b98_0, C4<0>;
L_0x9b61d70 .cmp/eq 17, L_0x9b61c78, C4<00000000000001100>;
L_0x9b61ec8 .concat [ 16 1 0 0], v0x9b60b98_0, C4<0>;
L_0x9b61fd0 .cmp/eq 17, L_0x9b61ec8, C4<00000000000100000>;
L_0x9b62168 .concat [ 1 0 0 0], L_0x9b620c0;
L_0x9b621f0 .part v0x9b60e88_0, 0, 1;
    .scope S_0x9b12fb8;
T_0 ;
    %wait E_0x9b3df28;
    %load/v 8, v0x9b60450_0, 1;
    %jmp/0xz  T_0.0, 8;
    %ix/load 0, 32, 0;
    %assign/v0 v0x9b60570_0, 0, 0;
    %jmp T_0.1;
T_0.0 ;
    %load/v 8, v0x9b606f0_0, 1;
    %jmp/0xz  T_0.2, 8;
    %load/v 8, v0x9b601f0_0, 32;
    %ix/load 0, 32, 0;
    %assign/v0 v0x9b60570_0, 0, 8;
T_0.2 ;
T_0.1 ;
    %jmp T_0;
    .thread T_0;
    .scope S_0x9b12fb8;
T_1 ;
    %wait E_0x9b3df28;
    %load/v 8, v0x9b60450_0, 1;
    %jmp/0xz  T_1.0, 8;
    %ix/load 0, 32, 0;
    %assign/v0 v0x9b60740_0, 0, 0;
    %jmp T_1.1;
T_1.0 ;
    %load/v 8, v0x9b605c0_0, 1;
    %jmp/0xz  T_1.2, 8;
    %load/v 8, v0x9b601f0_0, 32;
    %ix/load 0, 32, 0;
    %assign/v0 v0x9b60740_0, 0, 8;
T_1.2 ;
T_1.1 ;
    %jmp T_1;
    .thread T_1;
    .scope S_0x9b12fb8;
T_2 ;
    %wait E_0x9b3df28;
    %load/v 8, v0x9b60450_0, 1;
    %jmp/0xz  T_2.0, 8;
    %ix/load 0, 32, 0;
    %assign/v0 v0x9b5fb10_0, 0, 0;
    %jmp T_2.1;
T_2.0 ;
    %load/v 8, v0x9b60620_0, 1;
    %jmp/0xz  T_2.2, 8;
    %load/v 8, v0x9b601f0_0, 32;
    %ix/load 0, 32, 0;
    %assign/v0 v0x9b5fb10_0, 0, 8;
T_2.2 ;
T_2.1 ;
    %jmp T_2;
    .thread T_2;
    .scope S_0x9b12fb8;
T_3 ;
    %wait E_0x9b3df28;
    %load/v 8, v0x9b60450_0, 1;
    %jmp/0xz  T_3.0, 8;
    %ix/load 0, 1, 0;
    %assign/v0 v0x9b604b0_0, 0, 0;
    %ix/load 0, 1, 0;
    %assign/v0 v0x9b5fbd0_0, 0, 1;
    %ix/load 0, 28, 0;
    %assign/v0 v0x9b5fd68_0, 0, 0;
    %jmp T_3.1;
T_3.0 ;
    %load/v 8, v0x9b60830_0, 1;
    %jmp/0xz  T_3.2, 8;
    %load/v 8, v0x9b601f0_0, 1; Only need 1 of 32 bits
; Save base=8 wid=1 in lookaside.
    %ix/load 0, 1, 0;
    %assign/v0 v0x9b604b0_0, 0, 8;
    %ix/load 1, 1, 0;
    %mov 4, 0, 1;
    %jmp/1 T_3.4, 4;
    %load/x1p 8, v0x9b601f0_0, 1;
    %jmp T_3.5;
T_3.4 ;
    %mov 8, 2, 1;
T_3.5 ;
; Save base=8 wid=1 in lookaside.
    %ix/load 0, 1, 0;
    %assign/v0 v0x9b5fbd0_0, 0, 8;
    %ix/load 1, 4, 0;
    %mov 4, 0, 1;
    %jmp/1 T_3.6, 4;
    %load/x1p 8, v0x9b601f0_0, 28;
    %jmp T_3.7;
T_3.6 ;
    %mov 8, 2, 28;
T_3.7 ;
; Save base=8 wid=28 in lookaside.
    %ix/load 0, 28, 0;
    %assign/v0 v0x9b5fd68_0, 0, 8;
T_3.2 ;
T_3.1 ;
    %jmp T_3;
    .thread T_3;
    .scope S_0x9b12fb8;
T_4 ;
    %wait E_0x9b3e150;
    %set/v v0x9b603b0_0, 0, 32;
    %set/v v0x9b60400_0, 0, 32;
    %set/v v0x9b602f0_0, 0, 32;
    %set/v v0x9b60350_0, 0, 32;
    %set/v v0x9b60520_0, 0, 32;
    %load/v 8, v0x9b60570_0, 32;
    %set/v v0x9b603b0_0, 8, 32;
    %load/v 8, v0x9b60740_0, 32;
    %set/v v0x9b60400_0, 8, 32;
    %load/v 8, v0x9b5fb10_0, 32;
    %set/v v0x9b602f0_0, 8, 32;
    %load/v 8, v0x9b604b0_0, 1;
    %ix/load 0, 0, 0;
    %set/x0 v0x9b60350_0, 8, 1;
    %load/v 8, v0x9b5fbd0_0, 1;
    %ix/load 0, 1, 0;
    %set/x0 v0x9b60350_0, 8, 1;
    %load/v 8, v0x9b5fd68_0, 28;
    %ix/load 0, 4, 0;
    %set/x0 v0x9b60350_0, 8, 28;
    %load/v 8, v0x9b5fb80_0, 16;
    %ix/load 0, 0, 0;
    %set/x0 v0x9b60520_0, 8, 16;
    %load/v 8, v0x9b5fdf0_0, 16;
    %ix/load 0, 16, 0;
    %set/x0 v0x9b60520_0, 8, 16;
    %jmp T_4;
    .thread T_4, $push;
    .scope S_0x9b12fb8;
T_5 ;
    %wait E_0x9b3e058;
    %set/v v0x9b600a8_0, 0, 32;
    %load/v 8, v0x9b5fed0_0, 16;
    %cmpi/u 8, 0, 16;
    %jmp/1 T_5.0, 6;
    %cmpi/u 8, 4, 16;
    %jmp/1 T_5.1, 6;
    %cmpi/u 8, 8, 16;
    %jmp/1 T_5.2, 6;
    %cmpi/u 8, 12, 16;
    %jmp/1 T_5.3, 6;
    %cmpi/u 8, 48, 16;
    %jmp/1 T_5.4, 6;
    %set/v v0x9b600a8_0, 0, 32;
    %jmp T_5.6;
T_5.0 ;
    %load/v 8, v0x9b603b0_0, 32;
    %set/v v0x9b600a8_0, 8, 32;
    %jmp T_5.6;
T_5.1 ;
    %load/v 8, v0x9b60400_0, 32;
    %set/v v0x9b600a8_0, 8, 32;
    %jmp T_5.6;
T_5.2 ;
    %load/v 8, v0x9b602f0_0, 32;
    %set/v v0x9b600a8_0, 8, 32;
    %jmp T_5.6;
T_5.3 ;
    %load/v 8, v0x9b60350_0, 32;
    %set/v v0x9b600a8_0, 8, 32;
    %jmp T_5.6;
T_5.4 ;
    %load/v 8, v0x9b60520_0, 32;
    %set/v v0x9b600a8_0, 8, 32;
    %jmp T_5.6;
T_5.6 ;
    %jmp T_5;
    .thread T_5, $push;
    .scope S_0x9b12fb8;
T_6 ;
    %wait E_0x9b3d260;
    %set/v v0x9b602a0_0, 0, 1;
    %load/v 8, v0x9b5fed0_0, 16;
    %cmpi/u 8, 0, 16;
    %jmp/1 T_6.0, 6;
    %cmpi/u 8, 4, 16;
    %jmp/1 T_6.1, 6;
    %cmpi/u 8, 8, 16;
    %jmp/1 T_6.2, 6;
    %cmpi/u 8, 12, 16;
    %jmp/1 T_6.3, 6;
    %cmpi/u 8, 48, 16;
    %jmp/1 T_6.4, 6;
    %cmpi/u 8, 32, 16;
    %jmp/1 T_6.5, 6;
    %load/v 8, v0x9b601a0_0, 1;
    %set/v v0x9b602a0_0, 8, 1;
    %jmp T_6.7;
T_6.0 ;
    %set/v v0x9b602a0_0, 0, 1;
    %jmp T_6.7;
T_6.1 ;
    %set/v v0x9b602a0_0, 0, 1;
    %jmp T_6.7;
T_6.2 ;
    %set/v v0x9b602a0_0, 0, 1;
    %jmp T_6.7;
T_6.3 ;
    %set/v v0x9b602a0_0, 0, 1;
    %jmp T_6.7;
T_6.4 ;
    %load/v 8, v0x9b5fc98_0, 1;
    %set/v v0x9b602a0_0, 8, 1;
    %jmp T_6.7;
T_6.5 ;
    %load/v 8, v0x9b5fd18_0, 1;
    %set/v v0x9b602a0_0, 8, 1;
    %jmp T_6.7;
T_6.7 ;
    %jmp T_6;
    .thread T_6, $push;
    .scope S_0x9b12fb8;
T_7 ;
    %wait E_0x9b3df28;
    %load/v 8, v0x9b60450_0, 1;
    %jmp/0xz  T_7.0, 8;
    %ix/load 0, 32, 0;
    %assign/v0 v0x9b5ff20_0, 0, 0;
    %jmp T_7.1;
T_7.0 ;
    %load/v 8, v0x9b5fd18_0, 1;
    %load/v 9, v0x9b5fe40_0, 1;
    %and 8, 9, 1;
    %jmp/0xz  T_7.2, 8;
    %load/v 8, v0x9b600a8_0, 32;
    %ix/load 0, 32, 0;
    %assign/v0 v0x9b5ff20_0, 0, 8;
    %jmp T_7.3;
T_7.2 ;
    %load/v 8, v0x9b5fe40_0, 1;
    %jmp/0xz  T_7.4, 8;
    %ix/load 0, 32, 0;
    %assign/v0 v0x9b5ff20_0, 0, 0;
T_7.4 ;
T_7.3 ;
T_7.1 ;
    %jmp T_7;
    .thread T_7;
    .scope S_0x9b12fb8;
T_8 ;
    %wait E_0x9b3df28;
    %load/v 8, v0x9b60450_0, 1;
    %jmp/0xz  T_8.0, 8;
    %ix/load 0, 1, 0;
    %assign/v0 v0x9b600f8_0, 0, 0;
    %ix/load 0, 1, 0;
    %assign/v0 v0x9b60008_0, 0, 0;
    %jmp T_8.1;
T_8.0 ;
    %load/v 8, v0x9b5fd18_0, 1;
    %load/v 9, v0x9b5fc98_0, 1;
    %or 8, 9, 1;
    %load/v 9, v0x9b5fe40_0, 1;
    %and 8, 9, 1;
    %jmp/0xz  T_8.2, 8;
    %load/v 8, v0x9b602a0_0, 1;
    %ix/load 0, 1, 0;
    %assign/v0 v0x9b600f8_0, 0, 8;
    %jmp T_8.3;
T_8.2 ;
    %load/v 8, v0x9b5fe40_0, 1;
    %jmp/0xz  T_8.4, 8;
    %ix/load 0, 1, 0;
    %assign/v0 v0x9b600f8_0, 0, 0;
T_8.4 ;
T_8.3 ;
T_8.1 ;
    %jmp T_8;
    .thread T_8;
    .scope S_0x9b12fb8;
T_9 ;
    %wait E_0x9b3df28;
    %load/v 8, v0x9b5fe40_0, 1;
    %ix/load 0, 1, 0;
    %assign/v0 v0x9b60008_0, 0, 8;
    %jmp T_9;
    .thread T_9;
    .scope S_0x9b26510;
T_10 ;
    %vpi_call 2 34 "$dumpfile", "new_APB_test1.vcd";
    %vpi_call 2 35 "$dumpvars", 1'sb0, S_0x9b26510;
    %set/v v0x9b60a18_0, 1, 1;
    %set/v v0x9b61020_0, 1, 1;
    %set/v v0x9b60c08_0, 0, 1;
    %set/v v0x9b60da8_0, 0, 1;
    %set/v v0x9b60c58_0, 0, 1;
    %set/v v0x9b60b98_0, 0, 16;
    %set/v v0x9b60ef8_0, 0, 1;
    %set/v v0x9b60e88_0, 0, 32;
    %set/v v0x9b607a0_0, 0, 16;
    %set/v v0x9b60ab8_0, 0, 16;
    %delay 0, 0;
    %set/v v0x9b61020_0, 0, 1;
    %delay 10, 0;
    %set/v v0x9b60ef8_0, 1, 1;
    %set/v v0x9b60da8_0, 1, 1;
    %movi 8, 5, 16;
    %set/v v0x9b60b98_0, 8, 16;
    %movi 8, 43, 32;
    %set/v v0x9b60e88_0, 8, 32;
    %movi 8, 32, 16;
    %set/v v0x9b607a0_0, 8, 16;
    %movi 8, 32, 16;
    %set/v v0x9b60ab8_0, 8, 16;
    %delay 10, 0;
    %set/v v0x9b60c58_0, 1, 1;
    %delay 30, 0;
    %set/v v0x9b60c08_0, 1, 1;
    %delay 10, 0;
    %set/v v0x9b60e88_0, 0, 32;
    %set/v v0x9b60da8_0, 0, 1;
    %set/v v0x9b60c58_0, 0, 1;
    %set/v v0x9b60c08_0, 0, 1;
    %delay 20, 0;
    %vpi_call 2 73 "$finish";
    %end;
    .thread T_10;
    .scope S_0x9b26510;
T_11 ;
    %delay 5, 0;
    %load/v 8, v0x9b60a18_0, 1;
    %inv 8, 1;
    %set/v v0x9b60a18_0, 8, 1;
    %jmp T_11;
    .thread T_11;
# The file index is used to find the file name in the following table.
:file_names 4;
    "N/A";
    "<interactive>";
    "testbench.v";
    "./DMA_regfile.v";
